[INFO ] 2023-01-28 10:48:07.653 [main] tutorialNinja - url opened
[INFO ] 2023-01-28 10:48:10.140 [main] tutorialNinja - user login page open
[INFO ] 2023-01-28 10:48:11.475 [main] tutorialNinja - user login successfully
[INFO ] 2023-01-28 10:48:12.953 [main] tutorialNinja - newsletter option choosen
[INFO ] 2023-01-28 10:48:12.998 [main] tutorialNinja - Newsletter test Pass
[INFO ] 2023-01-28 14:38:23.324 [main] tutorialNinja - url opened
[INFO ] 2023-01-28 14:38:25.690 [main] tutorialNinja - user login page open
[INFO ] 2023-01-28 14:38:26.971 [main] tutorialNinja - user login successfully
[INFO ] 2023-01-28 14:38:28.398 [main] tutorialNinja - newsletter option choosen
[INFO ] 2023-01-28 14:38:28.453 [main] tutorialNinja - Newsletter test Pass
[INFO ] 2023-01-28 14:39:31.249 [main] tutorialNinja - url opened
[INFO ] 2023-01-28 14:39:34.690 [main] tutorialNinja - registration form open
[INFO ] 2023-01-28 15:20:07.886 [main] tutorialNinja - url opened
[INFO ] 2023-01-28 15:20:11.070 [main] tutorialNinja - registration form open
[INFO ] 2023-01-28 15:29:05.389 [main] tutorialNinja - url opened
[INFO ] 2023-01-28 15:29:08.502 [main] tutorialNinja - registration form open
[INFO ] 2023-01-28 15:34:47.657 [main] tutorialNinja - url opened
[INFO ] 2023-01-28 15:35:01.005 [main] tutorialNinja - url opened
[INFO ] 2023-01-28 15:35:03.941 [main] tutorialNinja - registration form open
[INFO ] 2023-01-28 15:36:22.232 [main] tutorialNinja - url opened
[INFO ] 2023-01-28 15:36:25.205 [main] tutorialNinja - registration form open
[INFO ] 2023-01-28 15:37:16.637 [main] tutorialNinja - url opened
[INFO ] 2023-01-28 15:37:19.572 [main] tutorialNinja - registration form open
[INFO ] 2023-01-28 15:39:13.235 [main] tutorialNinja - url opened
[INFO ] 2023-01-28 15:39:16.351 [main] tutorialNinja - registration form open
[INFO ] 2023-01-28 15:39:47.452 [main] tutorialNinja - url opened
[INFO ] 2023-01-28 15:39:50.527 [main] tutorialNinja - registration form open
[INFO ] 2023-01-28 15:41:00.893 [main] tutorialNinja - url opened
[INFO ] 2023-01-28 15:41:03.959 [main] tutorialNinja - registration form open
[INFO ] 2023-01-28 15:43:43.203 [main] tutorialNinja - url opened
[INFO ] 2023-01-28 15:43:46.334 [main] tutorialNinja - registration form open
[INFO ] 2023-01-28 15:44:34.135 [main] tutorialNinja - url opened
[INFO ] 2023-01-28 15:44:47.600 [main] tutorialNinja - url opened
[INFO ] 2023-01-28 15:44:50.706 [main] tutorialNinja - registration form open
[INFO ] 2023-01-28 21:10:00.250 [main] tutorialNinja - url opened
[INFO ] 2023-01-28 21:10:00.570 [main] tutorialNinja - Click on login option from Account Dropdown
[INFO ] 2023-01-28 21:10:02.015 [main] tutorialNinja - login page open
[INFO ] 2023-01-28 21:10:02.015 [main] tutorialNinja - enter username and password to login
[INFO ] 2023-01-28 21:10:03.769 [main] tutorialNinja - user login successfully
[INFO ] 2023-01-28 21:10:03.770 [main] tutorialNinja - click on newsletter button
[INFO ] 2023-01-28 21:10:05.118 [main] tutorialNinja - newsletter page will open and subscription option choosen
[INFO ] 2023-01-28 21:10:05.168 [main] tutorialNinja - NewsletterTest passed
